[0.028s] Invoking command in '/home/ub2004/ros2_ws/build/lely_core_libraries': CMAKE_PREFIX_PATH=${CMAKE_PREFIX_PATH}:/home/ub2004/ros2_ws/install/urdf_tutorial:/home/ub2004/ros2_ws/install/canopen_utils:/home/ub2004/ros2_ws/install/agv_pak:/opt/ros/humble /usr/bin/cmake --build /home/ub2004/ros2_ws/build/lely_core_libraries -- -j8 -l8
[0.378s] [ 12%] [34m[1mPerforming update step for 'upstr_lely_core_libraries'[0m
[0.378s] HEADì˜ í˜„ìž¬ ìœ„ì¹˜ëŠ” b63a0b6fìž…ë‹ˆë‹¤ co: fix co_time_of_day_set() to actually store the result
[0.378s] [ 12%] Built target ament_cmake_python_symlink_cogen_setup
[0.379s] [ 25%] [34m[1mNo patch step for 'upstr_lely_core_libraries'[0m
[0.379s] [ 37%] [34m[1mPerforming configure step for 'upstr_lely_core_libraries'[0m
[0.379s] failed to create symbolic link '/home/ub2004/ros2_ws/build/lely_core_libraries/ament_cmake_python/cogen/cogen' because existing path cannot be removed: Is a directory
[0.379s] gmake[2]: *** [CMakeFiles/ament_cmake_python_symlink_cogen.dir/build.make:70: CMakeFiles/ament_cmake_python_symlink_cogen] ì˜¤ë¥˜ 1
[0.379s] gmake[1]: *** [CMakeFiles/Makefile2:169: CMakeFiles/ament_cmake_python_symlink_cogen.dir/all] ì˜¤ë¥˜ 2
[0.379s] gmake[1]: *** ëë‚˜ì§€ ì•Šì€ ìž‘ì—…ì„ ê¸°ë‹¤ë¦¬ê³  ìžˆìŠµë‹ˆë‹¤....
[0.379s] configure.ac íŒ¨ì¹˜ë¥¼ í™•ì¸í•˜ëŠ” ì¤‘ìž…ë‹ˆë‹¤...
[0.379s] íŒ¨ì¹˜ 1ë²ˆ ë¶€ë¶„ 577ë²ˆ ì¤„ì—ì„œ ì„±ê³µ (ì˜¤í”„ì…‹ 8ë²ˆ ì¤„)
[0.380s] python/dcf-tools/Makefile.am íŒ¨ì¹˜ë¥¼ í™•ì¸í•˜ëŠ” ì¤‘ìž…ë‹ˆë‹¤...
[0.380s] configure.ac íŒ¨ì¹˜ ê¹”ë”í•˜ê²Œ ì ìš©.
[0.380s] python/dcf-tools/Makefile.am íŒ¨ì¹˜ ê¹”ë”í•˜ê²Œ ì ìš©.
[6.252s] configure.ac:17: warning: The macro `AC_PROG_CC_STDC' is obsolete.
[6.252s] configure.ac:17: You should run autoupdate.
[6.253s] ./lib/autoconf/c.m4:1666: AC_PROG_CC_STDC is expanded from...
[6.253s] configure.ac:17: the top level
[6.253s] configure.ac:442: warning: AC_CHECK_HEADERS($ixxat_header): you should use literals
[6.253s] ./lib/autoconf/headers.m4:217: AC_CHECK_HEADERS is expanded from...
[6.253s] lib/m4sugar/m4sh.m4:699: AS_IF is expanded from...
[6.253s] lib/m4sugar/m4sh.m4:699: AS_IF is expanded from...
[6.253s] configure.ac:442: the top level
[9.442s] checking build system type... x86_64-pc-linux-gnu
[9.442s] checking host system type... x86_64-pc-linux-gnu
[9.442s] checking target system type... x86_64-pc-linux-gnu
[9.453s] checking for a BSD-compatible install... /usr/bin/install -c
[9.457s] checking whether build environment is sane... yes
[9.471s] checking for a race-free mkdir -p... /usr/bin/mkdir -p
[9.471s] checking for gawk... no
[9.472s] checking for mawk... mawk
[9.481s] checking whether make sets $(MAKE)... yes
[9.489s] checking whether make supports nested variables... yes
[9.495s] checking whether to enable maintainer-specific portions of Makefiles... yes
[9.495s] checking whether make supports nested variables... (cached) yes
[9.500s] checking for a sed that does not truncate output... /usr/bin/sed
[9.502s] checking whether to build with code coverage support... no
[9.503s] checking for valgrind... no
[9.514s] checking whether make supports the include directive... yes (GNU style)
[9.514s] checking for gcc... gcc
[9.589s] checking whether the C compiler works... yes
[9.589s] checking for C compiler default output file name... a.out
[9.625s] checking for suffix of executables... 
[9.667s] checking whether we are cross compiling... no
[9.693s] checking for suffix of object files... o
[9.715s] checking whether the compiler supports GNU C... yes
[9.735s] checking whether gcc accepts -g... yes
[9.786s] checking for gcc option to enable C11 features... none needed
[9.821s] checking whether gcc understands -c and -o together... yes
[9.859s] checking dependency style of gcc... gcc3
[9.883s] checking for stdio.h... yes
[9.910s] checking for stdlib.h... yes
[9.939s] checking for string.h... yes
[9.969s] checking for inttypes.h... yes
[10.000s] checking for stdint.h... yes
[10.029s] checking for strings.h... yes
[10.059s] checking for sys/stat.h... yes
[10.090s] checking for sys/types.h... yes
[10.125s] checking for unistd.h... yes
[10.164s] checking for wchar.h... yes
[10.203s] checking for minix/config.h... no
[10.242s] checking whether it is safe to define __EXTENSIONS__... yes
[10.270s] checking whether _XOPEN_SOURCE should be defined... no
[10.270s] checking for g++... g++
[10.321s] checking whether the compiler supports GNU C++... yes
[10.343s] checking whether g++ accepts -g... yes
[10.452s] checking for g++ option to enable C++11 features... none needed
[10.530s] checking dependency style of g++... gcc3
[10.609s] checking whether g++ supports C++11 features with -std=gnu++11... yes
[10.663s] checking how to print strings... printf
[10.663s] checking for a sed that does not truncate output... (cached) /usr/bin/sed
[10.667s] checking for grep that handles long lines and -e... /usr/bin/grep
[10.669s] checking for egrep... /usr/bin/grep -E
[10.672s] checking for fgrep... /usr/bin/grep -F
[10.680s] checking for ld used by gcc... /usr/bin/ld
[10.682s] checking if the linker (/usr/bin/ld) is GNU ld... yes
[10.686s] checking for BSD- or MS-compatible name lister (nm)... /usr/bin/nm -B
[10.710s] checking the name lister (/usr/bin/nm -B) interface... BSD nm
[10.710s] checking whether ln -s works... yes
[10.716s] checking the maximum length of command line arguments... 1572864
[10.720s] checking how to convert x86_64-pc-linux-gnu file names to x86_64-pc-linux-gnu format... func_convert_file_noop
[10.720s] checking how to convert x86_64-pc-linux-gnu file names to toolchain format... func_convert_file_noop
[10.720s] checking for /usr/bin/ld option to reload object files... -r
[10.720s] checking for objdump... objdump
[10.721s] checking how to recognize dependent libraries... pass_all
[10.721s] checking for dlltool... no
[10.721s] checking how to associate runtime and link libraries... printf %s\n
[10.722s] checking for ar... ar
[10.753s] checking for archiver @FILE support... @
[10.753s] checking for strip... strip
[10.754s] checking for ranlib... ranlib
[10.847s] checking command to parse /usr/bin/nm -B output from gcc object... ok
[10.850s] checking for sysroot... no
[10.857s] checking for a working dd... /usr/bin/dd
[10.864s] checking how to truncate binary pipes... /usr/bin/dd bs=4096 count=1
[10.883s] checking for mt... mt
[10.889s] checking if mt is a manifest tool... no
[10.947s] checking for dlfcn.h... yes
[10.954s] checking for objdir... .libs
[11.049s] checking if gcc supports -fno-rtti -fno-exceptions... no
[11.049s] checking for gcc option to produce PIC... -fPIC -DPIC
[11.073s] checking if gcc PIC flag -fPIC -DPIC works... yes
[11.166s] checking if gcc static flag -static works... yes
[11.202s] checking if gcc supports -c -o file.o... yes
[11.202s] checking if gcc supports -c -o file.o... (cached) yes
[11.215s] checking whether the gcc linker (/usr/bin/ld -m elf_x86_64) supports shared libraries... yes
[11.245s] checking whether -lc should be explicitly linked in... no
[11.311s] checking dynamic linker characteristics... GNU/Linux ld.so
[11.311s] checking how to hardcode library paths into programs... immediate
[11.314s] checking whether stripping libraries is possible... yes
[11.314s] checking if libtool supports shared libraries... yes
[11.314s] checking whether to build shared libraries... yes
[11.314s] checking whether to build static libraries... no
[11.349s] checking how to run the C++ preprocessor... g++ -std=gnu++11 -E
[11.462s] checking for ld used by g++ -std=gnu++11... /usr/bin/ld -m elf_x86_64
[11.465s] checking if the linker (/usr/bin/ld -m elf_x86_64) is GNU ld... yes
[11.475s] checking whether the g++ -std=gnu++11 linker (/usr/bin/ld -m elf_x86_64) supports shared libraries... yes
[11.566s] checking for g++ -std=gnu++11 option to produce PIC... -fPIC -DPIC
[11.592s] checking if g++ -std=gnu++11 PIC flag -fPIC -DPIC works... yes
[11.686s] checking if g++ -std=gnu++11 static flag -static works... yes
[11.722s] checking if g++ -std=gnu++11 supports -c -o file.o... yes
[11.722s] checking if g++ -std=gnu++11 supports -c -o file.o... (cached) yes
[11.722s] checking whether the g++ -std=gnu++11 linker (/usr/bin/ld -m elf_x86_64) supports shared libraries... yes
[11.728s] checking dynamic linker characteristics... (cached) GNU/Linux ld.so
[11.728s] checking how to hardcode library paths into programs... immediate
[11.729s] checking for windres... no
[11.807s] checking for timer_create in -lrt... yes
[11.837s] checking how to run the C preprocessor... gcc -E
[11.882s] checking whether gcc is Clang... no
[11.942s] checking whether pthreads work with "-pthread" and "-lpthread"... yes
[11.991s] checking for joinable pthread attribute... PTHREAD_CREATE_JOINABLE
[11.992s] checking whether more special flags are required for pthreads... no
[12.040s] checking for PTHREAD_PRIO_INHERIT... yes
[12.042s] checking for pkg-config... /usr/bin/pkg-config
[12.044s] checking pkg-config is at least version 0.9.0... yes
[12.050s] checking for cpputest >= 4... no
[12.096s] checking for valgrind/valgrind.h... no
[12.154s] checking for linux/can.h... yes
[12.210s] checking for linux/can/error.h... yes
[12.230s] checking for bluetooth/bluetooth.h... no
[12.252s] checking for bluetooth/rfcomm.h... no
[12.364s] checking for library containing str2ba... no
[12.423s] checking for ifaddrs.h... yes
[12.485s] checking for linux/can/netlink.h... yes
[12.542s] checking for linux/can/raw.h... yes
[12.616s] checking for linux/rtnetlink.h... yes
[12.672s] checking for sys/epoll.h... yes
[12.733s] checking for sys/ioctl.h... yes
[12.759s] checking for a Python interpreter with version >= 3.3... python3
[12.759s] checking for python3... /usr/bin/python3
[12.784s] checking for python3 version... 3.10
[12.805s] checking for python3 platform... linux
[12.805s] checking for GNU default python3 prefix... ${prefix}
[12.806s] checking for GNU default python3 exec_prefix... ${exec_prefix}
[12.844s] checking for python3 script directory (pythondir)... ${PYTHON_PREFIX}/lib/python3.10/site-packages
[12.887s] checking for python3 extension module directory (pyexecdir)... ${PYTHON_EXEC_PREFIX}/lib/python3.10/site-packages
[12.888s] checking for gawk... (cached) mawk
[12.920s] checking that generated files are newer than configure... done
[12.922s] configure: creating ./config.status
[13.966s] config.status: creating doc/Doxyfile
[13.998s] config.status: creating doc/Makefile
[14.018s] config.status: creating include/Makefile
[14.038s] config.status: creating pkgconfig/liblely-can.pc
[14.059s] config.status: creating pkgconfig/liblely-co.pc
[14.083s] config.status: creating pkgconfig/liblely-coapp.pc
[14.104s] config.status: creating pkgconfig/liblely-ev.pc
[14.126s] config.status: creating pkgconfig/liblely-io.pc
[14.148s] config.status: creating pkgconfig/liblely-io2.pc
[14.170s] config.status: creating pkgconfig/liblely-libc.pc
[14.193s] config.status: creating pkgconfig/liblely-libc_rt.pc
[14.215s] config.status: creating pkgconfig/liblely-tap.pc
[14.238s] config.status: creating pkgconfig/liblely-util.pc
[14.260s] config.status: creating pkgconfig/Makefile
[14.283s] config.status: creating python/can/Makefile
[14.303s] config.status: creating python/dcf-tools/Makefile
[14.324s] config.status: creating python/io/Makefile
[14.344s] config.status: creating python/Makefile
[14.365s] config.status: creating src/can/Makefile
[14.387s] config.status: creating src/co/Makefile
[14.408s] config.status: creating src/co/version.rc
[14.429s] config.status: creating src/coapp/Makefile
[14.449s] config.status: creating src/coapp/version.rc
[14.472s] config.status: creating src/ev/Makefile
[14.493s] config.status: creating src/ev/version.rc
[14.517s] config.status: creating src/io/Makefile
[14.538s] config.status: creating src/io2/Makefile
[14.559s] config.status: creating src/io2/version.rc
[14.583s] config.status: creating src/libc/Makefile
[14.604s] config.status: creating src/libc/version.rc
[14.625s] config.status: creating src/tap/Makefile
[14.645s] config.status: creating src/tap/version.rc
[14.667s] config.status: creating src/util/Makefile
[14.690s] config.status: creating src/util/version.rc
[14.711s] config.status: creating src/Makefile
[14.731s] config.status: creating tools/Makefile
[14.752s] config.status: creating tools/version.dcf2c.rc
[14.776s] config.status: creating test/co-nmt-master.dcf
[14.799s] config.status: creating test/Makefile
[14.821s] config.status: creating unit-tests/Makefile
[14.844s] config.status: creating exec-wrapper.sh
[14.863s] config.status: creating lcov-wrapper.sh
[14.879s] config.status: creating Makefile
[14.893s] config.status: creating config.h
[14.898s] config.status: config.h is unchanged
[14.902s] config.status: executing depfiles commands
[15.195s] config.status: executing libtool commands
[15.278s] [ 50%] [34m[1mPerforming build step for 'upstr_lely_core_libraries'[0m
[15.663s] config.status: creating config.h
[15.669s] config.status: config.h is unchanged
[15.689s] Making all in doc
[15.691s] Making all in include
[15.697s] Making all in src
[15.707s] Making all in libc
[15.716s] Making all in tap
[15.723s] Making all in util
[15.748s] Making all in can
[15.758s] Making all in co
[15.778s] Making all in io
[15.794s] Making all in ev
[15.803s] Making all in io2
[15.822s] Making all in coapp
[15.847s] Making all in python
[15.856s] Making all in dcf-tools
[15.861s] Making all in pkgconfig
[15.891s] [ 62%] [34m[1mNo install step for 'upstr_lely_core_libraries'[0m
[15.920s] [ 75%] [34m[1mCompleted 'upstr_lely_core_libraries'[0m
[15.957s] [100%] Built target upstr_lely_core_libraries
[15.958s] gmake: *** [Makefile:146: all] ì˜¤ë¥˜ 2
[15.960s] Invoked command in '/home/ub2004/ros2_ws/build/lely_core_libraries' returned '2': CMAKE_PREFIX_PATH=${CMAKE_PREFIX_PATH}:/home/ub2004/ros2_ws/install/urdf_tutorial:/home/ub2004/ros2_ws/install/canopen_utils:/home/ub2004/ros2_ws/install/agv_pak:/opt/ros/humble /usr/bin/cmake --build /home/ub2004/ros2_ws/build/lely_core_libraries -- -j8 -l8
