[0.044s] Invoking command in '/home/ub2004/ros2_ws/build/lely_core_libraries': CMAKE_PREFIX_PATH=${CMAKE_PREFIX_PATH}:/home/ub2004/ros2_ws/install/urdf_tutorial:/home/ub2004/ros2_ws/install/test_py:/home/ub2004/ros2_ws/install/canopen_utils:/home/ub2004/ros2_ws/install/can_comm:/home/ub2004/ros2_ws/install/agv_pak:/opt/ros/humble /usr/bin/cmake --build /home/ub2004/ros2_ws/build/lely_core_libraries -- -j8 -l8
[1.236s] [ 12%] [34m[1mPerforming update step for 'upstr_lely_core_libraries'[0m
[1.236s] [ 12%] Built target ament_cmake_python_copy_cogen_setup
[1.236s] HEADμ ν„μ¬ μ„μΉλ” b63a0b6fμ…λ‹λ‹¤ co: fix co_time_of_day_set() to actually store the result
[1.236s] [ 12%] Built target ament_cmake_python_copy_cogen
[1.237s] [ 25%] [34m[1mNo patch step for 'upstr_lely_core_libraries'[0m
[1.237s] [ 37%] [34m[1mPerforming configure step for 'upstr_lely_core_libraries'[0m
[1.237s] running install_scripts
[1.237s] running egg_info
[1.237s] writing cogen.egg-info/PKG-INFO
[1.237s] writing dependency_links to cogen.egg-info/dependency_links.txt
[1.237s] writing entry points to cogen.egg-info/entry_points.txt
[1.238s] writing top-level names to cogen.egg-info/top_level.txt
[1.238s] reading manifest file 'cogen.egg-info/SOURCES.txt'
[1.238s] writing manifest file 'cogen.egg-info/SOURCES.txt'
[1.238s] Installing cogen script to scripts
[1.238s] running egg_info
[1.238s] writing cogen.egg-info/PKG-INFO
[1.238s] writing dependency_links to cogen.egg-info/dependency_links.txt
[1.239s] writing entry points to cogen.egg-info/entry_points.txt
[1.239s] writing top-level names to cogen.egg-info/top_level.txt
[1.239s] reading manifest file 'cogen.egg-info/SOURCES.txt'
[1.239s] writing manifest file 'cogen.egg-info/SOURCES.txt'
[1.239s] [ 37%] Built target ament_cmake_python_build_cogen_scripts
[1.240s] [ 37%] Built target ament_cmake_python_build_cogen_egg
[1.240s] configure.ac ν¨μΉλ¥Ό ν™•μΈν•λ” μ¤‘μ…λ‹λ‹¤...
[1.241s] ν¨μΉ 1λ² λ¶€λ¶„ 577λ² μ¤„μ—μ„ μ„±κ³µ (μ¤ν”„μ…‹ 8λ² μ¤„)
[1.241s] python/dcf-tools/Makefile.am ν¨μΉλ¥Ό ν™•μΈν•λ” μ¤‘μ…λ‹λ‹¤...
[1.241s] configure.ac ν¨μΉ κΉ”λ”ν•κ² μ μ©.
[1.241s] python/dcf-tools/Makefile.am ν¨μΉ κΉ”λ”ν•κ² μ μ©.
[1.241s] /usr/lib/python3/dist-packages/setuptools/command/install.py:34: SetuptoolsDeprecationWarning: setup.py install is deprecated. Use build and pip and other standards-based tools.
[1.241s]   warnings.warn(
[2.186s] autom4te: error: /usr/bin/m4 terminated by signal: 2
[2.186s] autoreconf: error: aclocal terminated by signal: 2
[2.187s] gmake[2]: *** [CMakeFiles/upstr_lely_core_libraries.dir/build.make:92: upstr_lely_core_libraries-prefix/src/upstr_lely_core_libraries-stamp/upstr_lely_core_libraries-configure] μΈν„°λ½νΈ
[2.188s] gmake[1]: *** [CMakeFiles/Makefile2:143: CMakeFiles/upstr_lely_core_libraries.dir/all] μΈν„°λ½νΈ
[2.188s] gmake: *** [Makefile:146: all] μΈν„°λ½νΈ
